        -:    0:Source:Collatz.c++
        -:    0:Graph:Collatz.gcno
        -:    0:Data:Collatz.gcda
        -:    0:Runs:1
        -:    0:Programs:1
        -:    1:// ----------------------------
        -:    2:// projects/collatz/Collatz.c++
        -:    3:// Copyright (C) 2015
        -:    4:// Glenn P. Downing
        -:    5:// ----------------------------
        -:    6:
        -:    7:// --------
        -:    8:// includes
        -:    9:// --------
        -:   10:
        -:   11:#include <cassert>  // assert
        -:   12:#include <iostream> // endl, istream, ostream
        -:   13:#include <sstream>  // istringstream
        -:   14:#include <string>   // getline, string
        -:   15:#include <utility>  // make_pair, pair
        -:   16:#include "Collatz.h"
        -:   17:
        -:   18:#define CACHE_SIZE 1000000
        -:   19:
        -:   20://Cache
        -:   21:#ifdef CACHE_SIZE
        -:   22:int cache_array[CACHE_SIZE];    
        -:   23:#endif
        -:   24:
        -:   25:using namespace std;
        -:   26:
        -:   27:// ------------
        -:   28:// collatz_read
        -:   29:// ------------
        -:   30:
function _Z12collatz_readRKSs called 17 returned 100% blocks executed 80%
       17:   31:pair<int, int> collatz_read (const string& s) {
       17:   32:    istringstream sin(s);
call    0 returned 100%
branch  1 taken 100% (fallthrough)
branch  2 taken 0% (throw)
        -:   33:    int i;
        -:   34:    int j;
       17:   35:    sin >> i >> j;
call    0 returned 100%
branch  1 taken 100% (fallthrough)
branch  2 taken 0% (throw)
call    3 returned 100%
branch  4 taken 100% (fallthrough)
branch  5 taken 0% (throw)
       17:   36:    return make_pair(i, j);}
call    0 returned 100%
call    1 returned 100%
call    2 never executed
        -:   37:
        -:   38:// ------------
        -:   39:// collatz_eval
        -:   40:// ------------
        -:   41:
function _Z12collatz_evalii called 17 returned 100% blocks executed 82%
       17:   42:int collatz_eval (int i, int j) {    
       17:   43:    assert(i > 0);
branch  0 taken 0% (fallthrough)
branch  1 taken 100%
call    2 never executed
       17:   44:    assert(j > 0);
branch  0 taken 0% (fallthrough)
branch  1 taken 100%
call    2 never executed
       17:   45:    assert(i < 1000000);
branch  0 taken 0% (fallthrough)
branch  1 taken 100%
call    2 never executed
       17:   46:    assert(j < 1000000);
branch  0 taken 0% (fallthrough)
branch  1 taken 100%
call    2 never executed
        -:   47:
        -:   48:    //Swaps values if i j ranges are backwards
       17:   49:    if( i > j){
branch  0 taken 6% (fallthrough)
branch  1 taken 94%
        1:   50:        int temp = i;   
        1:   51:        i = j;          
        1:   52:        j = temp;       
        -:   53:    }
        -:   54:
       17:   55:    int end = j+1;
        -:   56:
        -:   57:    /** FIND CYCLE LENGTH **/
        -:   58:
     1863:   59:    for(int start = i; start < end; start++){
branch  0 taken 99%
branch  1 taken 1% (fallthrough)
        -:   60:
     1846:   61:        int cycle = 1;
     1846:   62:        int val = start;
        -:   63:
   112555:   64:        while(val > 1){
branch  0 taken 98%
branch  1 taken 2% (fallthrough)
        -:   65:
        -:   66:            //even
   108863:   67:            if((val & 1) == 0){
branch  0 taken 67% (fallthrough)
branch  1 taken 33%
    72958:   68:                val = val/2;
        -:   69:            }
        -:   70:
        -:   71:            //odd
        -:   72:            else{
    35905:   73:                val = (val * 3) + 1;
        -:   74:            }
        -:   75:
        -:   76:            //update cycle counter
   108863:   77:            cycle++;
        -:   78:        }
        -:   79:
     1846:   80:        assert(cycle > 0);
branch  0 taken 0% (fallthrough)
branch  1 taken 100%
call    2 never executed
        -:   81:
     1846:   82:        cache_array[start] = cycle;
        -:   83:    }
        -:   84:
        -:   85:
        -:   86:    /** SEARCH CACHE ARRAY FOR ALL SAVED VALUES **/
        -:   87:    
       17:   88:    int ret_value = cache_array[i];
     1863:   89:    for(int begin = i; begin < end; begin++){
branch  0 taken 99%
branch  1 taken 1% (fallthrough)
        -:   90:
     1846:   91:        int temp = cache_array[begin];
        -:   92:
     1846:   93:        if(temp > ret_value){
branch  0 taken 4% (fallthrough)
branch  1 taken 96%
       70:   94:            ret_value = temp;
        -:   95:        }
        -:   96:    }
        -:   97:    
       17:   98:    return ret_value;
        -:   99:}
        -:  100:
        -:  101:// -------------
        -:  102:// collatz_print
        -:  103:// -------------
        -:  104:
function _Z13collatz_printRSoiii called 16 returned 100% blocks executed 100%
       16:  105:void collatz_print (ostream& w, int i, int j, int v) {
       16:  106:    w << i << " " << j << " " << v << endl;}
call    0 returned 100%
call    1 returned 100%
call    2 returned 100%
call    3 returned 100%
call    4 returned 100%
call    5 returned 100%
        -:  107:
        -:  108:// -------------
        -:  109:// collatz_solve
        -:  110:// -------------
        -:  111:
function _Z13collatz_solveRSiRSo called 3 returned 100% blocks executed 80%
        3:  112:void collatz_solve (istream& r, ostream& w) {
        3:  113:    string s;
call    0 returned 100%
branch  1 taken 100% (fallthrough)
branch  2 taken 0% (throw)
       18:  114:    while (getline(r, s)) {
call    0 returned 100%
branch  1 taken 100% (fallthrough)
branch  2 taken 0% (throw)
call    3 returned 100%
branch  4 taken 100% (fallthrough)
branch  5 taken 0% (throw)
branch  6 taken 80%
branch  7 taken 20% (fallthrough)
       12:  115:        const pair<int, int> p = collatz_read(s);
call    0 returned 100%
branch  1 taken 100% (fallthrough)
branch  2 taken 0% (throw)
       12:  116:        const int            i = p.first;
       12:  117:        const int            j = p.second;
       12:  118:        const int            v = collatz_eval(i, j);
call    0 returned 100%
function _GLOBAL__sub_I_cache_array called 1 returned 100% blocks executed 100%
function _Z41__static_initialization_and_destruction_0ii called 1 returned 100% blocks executed 100%
       18:  119:        collatz_print(w, i, j, v);}}
call    0 returned 100%
branch  1 taken 100% (fallthrough)
branch  2 taken 0%
branch  3 taken 100% (fallthrough)
branch  4 taken 0%
call    5 returned 100%
branch  6 taken 100% (fallthrough)
branch  7 taken 0% (throw)
call    8 returned 100%
call    9 never executed
